<?xml version="1.0" encoding="UTF-8"?>
<testsuite xmlns:xsi="http://www.w3.org/2001/XMLSchema-instance" xsi:noNamespaceSchemaLocation="https://maven.apache.org/surefire/maven-surefire-plugin/xsd/surefire-test-report.xsd" version="3.0.2" name="cn.safetyledger.pc.DataPackageCodecTest" time="0.631" tests="2" errors="0" skipped="0" failures="0">
  <properties>
[...]
</properties>
  <testcase name="portableV2RoundTripUsesAndroidContainerAndPreservesDatabaseAndMedia" classname="cn.safetyledger.pc.DataPackageCodecTest" time="0.585"/>
  <testcase name="pairingProofAndWireSpaceAreStableAcrossPcAndAndroidProtocol" classname="cn.safetyledger.pc.DataPackageCodecTest" time="0.01"/>
</testsuite>